0 info it worked if it ends with ok
1 verbose cli [
1 verbose cli   '/Users/kaseymcgee/.nvm/versions/node/v12.18.3/bin/node',
1 verbose cli   '/Users/kaseymcgee/.nvm/versions/node/v12.18.3/bin/npm',
1 verbose cli   'start'
1 verbose cli ]
2 info using npm@6.14.6
3 info using node@v12.18.3
4 verbose run-script [ 'prestart', 'start', 'poststart' ]
5 info lifecycle projects@1.0.0~prestart: projects@1.0.0
6 info lifecycle projects@1.0.0~start: projects@1.0.0
7 verbose lifecycle projects@1.0.0~start: unsafe-perm in lifecycle true
8 verbose lifecycle projects@1.0.0~start: PATH: /Users/kaseymcgee/.nvm/versions/node/v12.18.3/lib/node_modules/npm/node_modules/npm-lifecycle/node-gyp-bin:/Users/kaseymcgee/Desktop/a:A/week12/Thurs-Twitter/Twitter/express-sequelize-starter/node_modules/.bin:/usr/local/bin:/usr/bin:/bin:/usr/sbin:/sbin:/Library/Apple/usr/bin:/Applications/Wireshark.app/Contents/MacOS:/Users/kaseymcgee/.nvm/versions/node/v12.18.3/bin
9 verbose lifecycle projects@1.0.0~start: CWD: /Users/kaseymcgee/Desktop/a:A/week12/Thurs-Twitter/Twitter/express-sequelize-starter
10 silly lifecycle projects@1.0.0~start: Args: [ '-c', 'per-env' ]
11 info lifecycle projects@1.0.0~start: Failed to exec start script
12 verbose stack Error: projects@1.0.0 start: `per-env`
12 verbose stack spawn ENOENT
12 verbose stack     at ChildProcess.<anonymous> (/Users/kaseymcgee/.nvm/versions/node/v12.18.3/lib/node_modules/npm/node_modules/npm-lifecycle/lib/spawn.js:48:18)
12 verbose stack     at ChildProcess.emit (events.js:315:20)
12 verbose stack     at maybeClose (internal/child_process.js:1021:16)
12 verbose stack     at Process.ChildProcess._handle.onexit (internal/child_process.js:286:5)
13 verbose pkgid projects@1.0.0
14 verbose cwd /Users/kaseymcgee/Desktop/a:A/week12/Thurs-Twitter/Twitter/express-sequelize-starter
15 verbose Darwin 19.6.0
16 verbose argv "/Users/kaseymcgee/.nvm/versions/node/v12.18.3/bin/node" "/Users/kaseymcgee/.nvm/versions/node/v12.18.3/bin/npm" "start"
17 verbose node v12.18.3
18 verbose npm  v6.14.6
19 error code ELIFECYCLE
20 error syscall spawn
21 error file sh
22 error errno ENOENT
23 error projects@1.0.0 start: `per-env`
23 error spawn ENOENT
24 error Failed at the projects@1.0.0 start script.
24 error This is probably not a problem with npm. There is likely additional logging output above.
25 verbose exit [ 1, true ]
